<?xml version="1.0" encoding="UTF-8"?>
<testng-results ignored="0" total="1" passed="1" failed="0" skipped="0">
  <reporter-output>
  </reporter-output>
  <suite started-at="2023-07-20T15:54:01 IST" name="Default suite" finished-at="2023-07-20T15:54:49 IST" duration-ms="48408">
    <groups>
    </groups>
    <test started-at="2023-07-20T15:54:01 IST" name="Default test" finished-at="2023-07-20T15:54:49 IST" duration-ms="48408">
      <class name="Demo.Flipcart">
        <test-method signature="launchFlipkart()[pri:0, instance:Demo.Flipcart@6e6f2380]" started-at="2023-07-20T15:54:01 IST" name="launchFlipkart" finished-at="2023-07-20T15:54:49 IST" duration-ms="48243" status="PASS">
          <reporter-output>
          </reporter-output>
        </test-method> <!-- launchFlipkart -->
      </class> <!-- Demo.Flipcart -->
    </test> <!-- Default test -->
  </suite> <!-- Default suite -->
</testng-results>
